INFO:root:<class 'NoneType'>
INFO:root:test2222
INFO:root:<class 'str'>
INFO:root:test2222
INFO:root:====================
INFO:root:Cas: 2024-08-26 15:18:41 - START
INFO:root:Cas: 2024-08-26 15:18:43 - STOP
INFO:root:<class 'qgis._core.QgsVectorLayer'>
INFO:root:test2222
INFO:root:====================
INFO:root:Cas: 2024-08-26 15:18:51 - START
INFO:root:Cas: 2024-08-26 15:18:51 - STOP
INFO:root:====================
INFO:root:Cas: 2024-08-26 15:19:24 - START
INFO:root:Cas: 2024-08-26 15:19:26 - STOP
INFO:root:<class 'qgis._core.QgsVectorLayer'>
INFO:root:test2222
INFO:root:====================
INFO:root:Cas: 2024-08-26 15:20:06 - START
INFO:root:Cas: 2024-08-26 15:20:06 - STOP
INFO:root:====================
INFO:root:Cas: 2024-08-26 15:20:53 - START
INFO:root:Cas: 2024-08-26 15:20:55 - STOP
INFO:root:====================
INFO:root:Cas: 2024-08-26 15:22:11 - START
INFO:root:Cas: 2024-08-26 15:22:13 - STOP
INFO:root:====================
INFO:root:Cas: 2024-08-26 15:22:18 - START
INFO:root:Cas: 2024-08-26 15:22:18 - STOP
INFO:root:====================
INFO:root:Cas: 2024-08-26 15:22:29 - START
INFO:root:Cas: 2024-08-26 15:22:32 - STOP
INFO:root:====================
INFO:root:Cas: 2024-08-26 20:36:30 - START
INFO:root:Cas: 2024-08-26 20:36:32 - STOP
INFO:root:====================
INFO:root:Cas: 2024-08-26 20:39:23 - START
INFO:root:Cas: 2024-08-26 20:39:25 - STOP
INFO:root:====================
INFO:root:Cas: 2024-08-26 20:39:35 - START
INFO:root:Cas: 2024-08-26 20:39:35 - STOP
INFO:root:====================
INFO:root:Cas: 2024-08-26 20:39:51 - START
INFO:root:Cas: 2024-08-26 20:39:52 - STOP
INFO:root:====================
INFO:root:Cas: 2024-08-26 20:40:18 - START
INFO:root:Cas: 2024-08-26 20:40:19 - STOP
INFO:root:====================
INFO:root:Cas: 2024-08-27 07:40:15 - START
INFO:root:Cas: 2024-08-27 07:40:16 - STOP
INFO:root:====================
INFO:root:Cas: 2024-08-27 07:40:34 - START
INFO:root:Cas: 2024-08-27 07:40:34 - STOP
INFO:root:====================
INFO:root:Cas: 2024-08-27 07:40:47 - START
INFO:root:Cas: 2024-08-27 07:40:47 - STOP
