INFO:root:====================
INFO:root:Cas: 2024-03-10 14:31:47 - START
INFO:root:Cas: 2024-03-10 14:31:48 - STOP
INFO:root:====================
INFO:root:Cas: 2024-03-10 14:32:47 - START
INFO:root:Cas: 2024-03-10 14:32:48 - STOP
INFO:root:====================
INFO:root:Cas: 2024-03-10 15:04:58 - START
ERROR:root:An exception was thrown!
Traceback (most recent call last):
  File "C:\Users\Petr\AppData\Roaming\QGIS\QGIS3\profiles\default\python\plugins\convert_shapefile_gen4\creating_Gen4.py", line 905, in create_file
    output_folder = gen4_from_shp.creat_setup_xml()
                    ^^^^^^^^^^^^^^^^^^^^^^^^^^^^^^^
  File "C:\Users\Petr\AppData\Roaming\QGIS\QGIS3\profiles\default\python\plugins\convert_shapefile_gen4\creating_Gen4.py", line 455, in creat_setup_xml
    elm_setup, self.bool_Guidance = create_element.create_guidance(element=elm_setup,
                                    ^^^^^^^^^^^^^^^^^^^^^^^^^^^^^^^^^^^^^^^^^^^^^^^^^
  File "C:\Users\Petr\AppData\Roaming\QGIS\QGIS3\profiles\default\python\plugins\convert_shapefile_gen4\creating_Gen4.py", line 815, in create_guidance
    element_b_point = [x for x in element_ab_line.findall('BPoint')][i]
                      ~~~~~~~~~~~~~~~~~~~~~~~~~~~~~~~~~~~~~~~~~~~~~~^^^
IndexError: list index out of range
INFO:root:Cas: 2024-03-10 15:05:03 - STOP
INFO:root:====================
INFO:root:Cas: 2024-03-10 15:06:26 - START
INFO:root:Cas: 2024-03-10 15:06:31 - STOP
INFO:root:====================
INFO:root:Cas: 2024-03-10 21:10:58 - START
INFO:root:Cas: 2024-03-10 21:11:03 - STOP
INFO:root:====================
INFO:root:Cas: 2024-03-10 21:27:20 - START
INFO:root:Cas: 2024-03-10 21:27:25 - STOP
INFO:root:====================
INFO:root:Cas: 2024-03-10 21:29:17 - START
INFO:root:Cas: 2024-03-10 21:29:22 - STOP
INFO:root:====================
INFO:root:Cas: 2024-03-10 21:30:59 - START
INFO:root:Cas: 2024-03-10 21:31:04 - STOP
INFO:root:====================
INFO:root:Cas: 2024-03-10 21:50:46 - START
INFO:root:Cas: 2024-03-10 21:50:51 - STOP
INFO:root:====================
INFO:root:Cas: 2024-03-10 21:53:11 - START
INFO:root:Cas: 2024-03-10 21:53:16 - STOP
INFO:root:====================
INFO:root:Cas: 2024-03-10 22:40:07 - START
INFO:root:Cas: 2024-03-10 22:40:12 - STOP
INFO:root:====================
INFO:root:Cas: 2024-04-11 07:32:16 - START
INFO:root:Cas: 2024-04-11 07:32:19 - STOP
INFO:root:====================
INFO:root:Cas: 2024-04-11 09:19:21 - START
INFO:root:Cas: 2024-04-11 09:19:23 - STOP
INFO:root:====================
INFO:root:Cas: 2024-04-11 09:20:09 - START
INFO:root:Cas: 2024-04-11 09:27:34 - STOP
INFO:root:====================
INFO:root:Cas: 2024-04-11 09:27:38 - START
INFO:root:Cas: 2024-04-11 09:27:40 - STOP
INFO:root:====================
INFO:root:Cas: 2024-04-11 09:29:33 - START
INFO:root:Cas: 2024-04-11 09:29:35 - STOP
INFO:root:====================
INFO:root:Cas: 2024-04-11 15:26:04 - START
INFO:root:Cas: 2024-04-11 15:27:49 - STOP
INFO:root:====================
INFO:root:Cas: 2024-04-11 15:38:08 - START
INFO:root:Cas: 2024-04-11 15:38:09 - STOP
INFO:root:====================
INFO:root:Cas: 2024-04-11 15:39:44 - START
INFO:root:Cas: 2024-04-11 15:39:45 - STOP
INFO:root:====================
INFO:root:Cas: 2024-04-11 15:40:15 - START
INFO:root:Cas: 2024-04-11 15:40:16 - STOP
INFO:root:====================
INFO:root:Cas: 2024-04-11 15:41:08 - START
INFO:root:Cas: 2024-04-11 15:41:08 - STOP
INFO:root:====================
INFO:root:Cas: 2024-04-11 15:57:31 - START
INFO:root:Cas: 2024-04-11 15:57:32 - STOP
INFO:root:====================
INFO:root:Cas: 2024-04-11 15:57:50 - START
INFO:root:Cas: 2024-04-11 15:57:51 - STOP
INFO:root:====================
INFO:root:Cas: 2024-04-11 16:00:11 - START
INFO:root:Cas: 2024-04-11 16:00:12 - STOP
INFO:root:====================
INFO:root:Cas: 2024-04-11 16:20:40 - START
INFO:root:Cas: 2024-04-11 16:20:42 - STOP
INFO:root:====================
INFO:root:Cas: 2024-04-11 16:20:49 - START
INFO:root:Cas: 2024-04-11 16:20:51 - STOP
INFO:root:====================
INFO:root:Cas: 2024-04-11 16:21:55 - START
INFO:root:Cas: 2024-04-11 16:21:56 - STOP
INFO:root:====================
INFO:root:Cas: 2024-04-11 16:23:30 - START
INFO:root:Cas: 2024-04-11 16:23:31 - STOP
INFO:root:====================
INFO:root:Cas: 2024-04-11 16:27:42 - START
INFO:root:Cas: 2024-04-11 16:27:43 - STOP
INFO:root:====================
INFO:root:Cas: 2024-04-11 16:29:04 - START
INFO:root:Cas: 2024-04-11 16:29:05 - STOP
INFO:root:====================
INFO:root:Cas: 2024-04-11 16:29:56 - START
INFO:root:Cas: 2024-04-11 16:29:57 - STOP
INFO:root:====================
INFO:root:Cas: 2024-04-11 16:30:18 - START
INFO:root:Cas: 2024-04-11 16:30:19 - STOP
INFO:root:====================
INFO:root:Cas: 2024-04-11 16:30:42 - START
INFO:root:Cas: 2024-04-11 16:30:43 - STOP
INFO:root:====================
INFO:root:Cas: 2024-04-11 16:30:57 - START
INFO:root:Cas: 2024-04-11 16:30:58 - STOP
INFO:root:====================
INFO:root:Cas: 2024-04-11 16:32:14 - START
INFO:root:Cas: 2024-04-11 16:32:15 - STOP
INFO:root:====================
INFO:root:Cas: 2024-04-11 17:43:36 - START
INFO:root:Cas: 2024-04-11 17:43:37 - STOP
INFO:root:====================
INFO:root:Cas: 2024-04-11 17:51:38 - START
INFO:root:Cas: 2024-04-11 17:51:38 - STOP
INFO:root:====================
INFO:root:Cas: 2024-04-11 17:52:58 - START
INFO:root:Cas: 2024-04-11 17:52:59 - STOP
INFO:root:====================
INFO:root:Cas: 2024-04-11 18:08:43 - START
INFO:root:Cas: 2024-04-11 18:08:44 - STOP
INFO:root:====================
INFO:root:Cas: 2024-04-11 18:09:39 - START
INFO:root:Cas: 2024-04-11 18:09:40 - STOP
INFO:root:====================
INFO:root:Cas: 2024-04-11 18:10:29 - START
INFO:root:Cas: 2024-04-11 18:11:45 - STOP
INFO:root:====================
INFO:root:Cas: 2024-04-11 18:13:29 - START
INFO:root:====================
INFO:root:Cas: 2024-04-11 18:14:07 - START
INFO:root:====================
INFO:root:Cas: 2024-04-11 18:15:11 - START
INFO:root:====================
INFO:root:Cas: 2024-04-11 18:15:36 - START
INFO:root:====================
INFO:root:Cas: 2024-04-11 18:16:50 - START
INFO:root:====================
INFO:root:Cas: 2024-04-11 18:18:31 - START
INFO:root:====================
INFO:root:Cas: 2024-04-11 18:19:31 - START
INFO:root:====================
INFO:root:Cas: 2024-04-11 18:20:25 - START
INFO:root:====================
INFO:root:Cas: 2024-04-11 18:24:24 - START
INFO:root:====================
INFO:root:Cas: 2024-04-11 18:26:11 - START
INFO:root:====================
INFO:root:Cas: 2024-04-11 18:39:46 - START
INFO:root:====================
INFO:root:Cas: 2024-04-11 18:41:54 - START
INFO:root:====================
INFO:root:Cas: 2024-04-11 18:42:30 - START
INFO:root:====================
INFO:root:Cas: 2024-04-11 18:43:51 - START
INFO:root:====================
INFO:root:Cas: 2024-04-11 18:46:15 - START
INFO:root:====================
INFO:root:Cas: 2024-04-11 18:47:27 - START
INFO:root:====================
INFO:root:Cas: 2024-04-11 18:49:01 - START
INFO:root:====================
INFO:root:Cas: 2024-04-11 18:50:00 - START
INFO:root:====================
INFO:root:Cas: 2024-04-11 18:50:53 - START
INFO:root:====================
INFO:root:Cas: 2024-04-11 18:53:31 - START
INFO:root:====================
INFO:root:Cas: 2024-04-11 18:53:57 - START
INFO:root:====================
INFO:root:Cas: 2024-04-11 18:58:43 - START
INFO:root:====================
INFO:root:Cas: 2024-04-11 18:59:03 - START
INFO:root:====================
INFO:root:Cas: 2024-04-11 19:07:54 - START
INFO:root:Cas: 2024-04-11 19:07:56 - STOP
INFO:root:====================
INFO:root:Cas: 2024-04-11 20:03:35 - START
INFO:root:22
INFO:root:Cas: 2024-04-11 20:03:37 - STOP
INFO:root:====================
INFO:root:Cas: 2024-04-11 20:35:08 - START
INFO:root:Cas: 2024-04-11 20:35:10 - STOP
INFO:root:====================
INFO:root:Cas: 2024-04-11 20:42:17 - START
INFO:root:Cas: 2024-04-11 20:42:19 - STOP
INFO:root:====================
INFO:root:Cas: 2024-04-11 22:02:35 - START
INFO:root:Cas: 2024-04-11 22:03:23 - STOP
INFO:root:====================
INFO:root:Cas: 2024-04-11 22:03:48 - START
INFO:root:Cas: 2024-04-11 22:04:18 - STOP
INFO:root:====================
INFO:root:Cas: 2024-04-11 22:05:12 - START
INFO:root:Cas: 2024-04-11 22:05:13 - STOP
INFO:root:====================
INFO:root:Cas: 2024-04-19 08:45:06 - START
INFO:root:Cas: 2024-04-19 08:52:02 - STOP
INFO:root:====================
INFO:root:Cas: 2024-04-19 08:53:43 - START
INFO:root:====================
INFO:root:Cas: 2024-04-24 16:35:16 - START
INFO:root:====================
INFO:root:Cas: 2024-04-24 16:37:29 - START
INFO:root:====================
INFO:root:Cas: 2024-04-24 16:40:40 - START
INFO:root:====================
INFO:root:Cas: 2024-04-24 16:44:11 - START
INFO:root:====================
INFO:root:Cas: 2024-04-24 16:48:49 - START
INFO:root:====================
INFO:root:Cas: 2024-04-24 16:50:27 - START
INFO:root:====================
INFO:root:Cas: 2024-04-24 17:31:20 - START
INFO:root:====================
INFO:root:Cas: 2024-04-24 17:32:36 - START
INFO:root:====================
INFO:root:Cas: 2024-04-24 17:34:12 - START
INFO:root:====================
INFO:root:Cas: 2024-04-24 17:35:41 - START
INFO:root:====================
INFO:root:Cas: 2024-04-24 18:16:32 - START
INFO:root:====================
INFO:root:Cas: 2024-04-24 18:19:04 - START
INFO:root:====================
INFO:root:Cas: 2024-04-24 18:24:19 - START
INFO:root:====================
INFO:root:Cas: 2024-04-24 18:25:58 - START
INFO:root:====================
INFO:root:Cas: 2024-04-24 18:29:41 - START
INFO:root:====================
INFO:root:Cas: 2024-04-24 18:31:42 - START
INFO:root:====================
INFO:root:Cas: 2024-04-25 08:57:29 - START
ERROR:root:An exception was thrown!
Traceback (most recent call last):
  File "C:\Users\Petr\AppData\Roaming\QGIS\QGIS3\profiles\default\python\plugins\convert_shapefile_gen4\creating_Gen4.py", line 919, in create_file
    gen4_from_shp.prepare_gdf()
  File "C:\Users\Petr\AppData\Roaming\QGIS\QGIS3\profiles\default\python\plugins\convert_shapefile_gen4\creating_Gen4.py", line 388, in prepare_gdf
    self.processBar.setValue(20)
    ^^^^^^^^^^^^^^^^^^^^^^^^
AttributeError: 'NoneType' object has no attribute 'setValue'
INFO:root:Cas: 2024-04-25 08:57:42 - STOP
INFO:root:====================
INFO:root:Cas: 2024-04-25 08:59:27 - START
ERROR:root:An exception was thrown!
Traceback (most recent call last):
  File "C:\Users\Petr\AppData\Roaming\QGIS\QGIS3\profiles\default\python\plugins\convert_shapefile_gen4\creating_Gen4.py", line 919, in create_file
    gen4_from_shp.prepare_gdf()
  File "C:\Users\Petr\AppData\Roaming\QGIS\QGIS3\profiles\default\python\plugins\convert_shapefile_gen4\creating_Gen4.py", line 388, in prepare_gdf
    self.processBar.setValue(20)
    ^^^^^^^^^^^^^^^^^^^^^^^^
AttributeError: 'NoneType' object has no attribute 'setValue'
INFO:root:Cas: 2024-04-25 08:59:41 - STOP
INFO:root:====================
INFO:root:Cas: 2024-04-25 09:01:16 - START
INFO:root:====================
INFO:root:Cas: 2024-04-25 09:02:30 - START
INFO:root:====================
INFO:root:Cas: 2024-04-25 09:03:28 - START
INFO:root:====================
INFO:root:Cas: 2024-04-25 09:04:33 - START
INFO:root:====================
INFO:root:Cas: 2024-04-25 09:07:45 - START
ERROR:root:An exception was thrown!
Traceback (most recent call last):
  File "C:\Users\Petr\AppData\Roaming\QGIS\QGIS3\profiles\default\python\plugins\convert_shapefile_gen4\creating_Gen4.py", line 921, in create_file
    gen4_from_shp.prepare_gdf()
  File "C:\Users\Petr\AppData\Roaming\QGIS\QGIS3\profiles\default\python\plugins\convert_shapefile_gen4\creating_Gen4.py", line 389, in prepare_gdf
    self.processBar.setValue(20)
    ^^^^^^^^^^^^^^^^^^^^^^^^
AttributeError: 'int' object has no attribute 'setValue'
INFO:root:Cas: 2024-04-25 09:07:58 - STOP
INFO:root:====================
INFO:root:Cas: 2024-04-25 09:11:37 - START
INFO:root:Cas: 2024-04-25 09:15:09 - STOP
INFO:root:====================
INFO:root:Cas: 2024-04-25 09:17:56 - START
INFO:root:Cas: 2024-04-25 12:01:52 - STOP
INFO:root:====================
INFO:root:Cas: 2024-04-26 11:20:28 - START
WARNING:fiona._env:Normalized/laundered field name: 'count_point' to 'count_poin'
WARNING:fiona._env:Normalized/laundered field name: 'length' to 'length_1'
WARNING:fiona._env:One or several characters couldn't be converted correctly from UTF-8 to ISO-8859-1.  This warning will not be emitted anymore.
WARNING:fiona._env:One or several characters couldn't be converted correctly from UTF-8 to ISO-8859-1.  This warning will not be emitted anymore.
WARNING:fiona._env:One or several characters couldn't be converted correctly from UTF-8 to ISO-8859-1.  This warning will not be emitted anymore.
WARNING:fiona._env:One or several characters couldn't be converted correctly from UTF-8 to ISO-8859-1.  This warning will not be emitted anymore.
WARNING:fiona._env:One or several characters couldn't be converted correctly from UTF-8 to ISO-8859-1.  This warning will not be emitted anymore.
WARNING:fiona._env:One or several characters couldn't be converted correctly from UTF-8 to ISO-8859-1.  This warning will not be emitted anymore.
WARNING:fiona._env:One or several characters couldn't be converted correctly from UTF-8 to ISO-8859-1.  This warning will not be emitted anymore.
WARNING:fiona._env:One or several characters couldn't be converted correctly from UTF-8 to ISO-8859-1.  This warning will not be emitted anymore.
WARNING:fiona._env:One or several characters couldn't be converted correctly from UTF-8 to ISO-8859-1.  This warning will not be emitted anymore.
WARNING:fiona._env:One or several characters couldn't be converted correctly from UTF-8 to ISO-8859-1.  This warning will not be emitted anymore.
WARNING:fiona._env:One or several characters couldn't be converted correctly from UTF-8 to ISO-8859-1.  This warning will not be emitted anymore.
WARNING:fiona._env:One or several characters couldn't be converted correctly from UTF-8 to ISO-8859-1.  This warning will not be emitted anymore.
WARNING:fiona._env:One or several characters couldn't be converted correctly from UTF-8 to ISO-8859-1.  This warning will not be emitted anymore.
WARNING:fiona._env:One or several characters couldn't be converted correctly from UTF-8 to ISO-8859-1.  This warning will not be emitted anymore.
WARNING:fiona._env:One or several characters couldn't be converted correctly from UTF-8 to ISO-8859-1.  This warning will not be emitted anymore.
INFO:root:Cas: 2024-04-26 11:20:32 - STOP
INFO:root:====================
INFO:root:Cas: 2024-04-26 11:26:36 - START
WARNING:fiona._env:Normalized/laundered field name: 'count_point' to 'count_poin'
WARNING:fiona._env:Normalized/laundered field name: 'length' to 'length_1'
WARNING:fiona._env:One or several characters couldn't be converted correctly from UTF-8 to ISO-8859-1.  This warning will not be emitted anymore.
WARNING:fiona._env:One or several characters couldn't be converted correctly from UTF-8 to ISO-8859-1.  This warning will not be emitted anymore.
WARNING:fiona._env:One or several characters couldn't be converted correctly from UTF-8 to ISO-8859-1.  This warning will not be emitted anymore.
WARNING:fiona._env:One or several characters couldn't be converted correctly from UTF-8 to ISO-8859-1.  This warning will not be emitted anymore.
WARNING:fiona._env:One or several characters couldn't be converted correctly from UTF-8 to ISO-8859-1.  This warning will not be emitted anymore.
WARNING:fiona._env:One or several characters couldn't be converted correctly from UTF-8 to ISO-8859-1.  This warning will not be emitted anymore.
WARNING:fiona._env:One or several characters couldn't be converted correctly from UTF-8 to ISO-8859-1.  This warning will not be emitted anymore.
WARNING:fiona._env:One or several characters couldn't be converted correctly from UTF-8 to ISO-8859-1.  This warning will not be emitted anymore.
WARNING:fiona._env:One or several characters couldn't be converted correctly from UTF-8 to ISO-8859-1.  This warning will not be emitted anymore.
WARNING:fiona._env:One or several characters couldn't be converted correctly from UTF-8 to ISO-8859-1.  This warning will not be emitted anymore.
WARNING:fiona._env:One or several characters couldn't be converted correctly from UTF-8 to ISO-8859-1.  This warning will not be emitted anymore.
WARNING:fiona._env:One or several characters couldn't be converted correctly from UTF-8 to ISO-8859-1.  This warning will not be emitted anymore.
WARNING:fiona._env:One or several characters couldn't be converted correctly from UTF-8 to ISO-8859-1.  This warning will not be emitted anymore.
WARNING:fiona._env:One or several characters couldn't be converted correctly from UTF-8 to ISO-8859-1.  This warning will not be emitted anymore.
WARNING:fiona._env:One or several characters couldn't be converted correctly from UTF-8 to ISO-8859-1.  This warning will not be emitted anymore.
INFO:root:Cas: 2024-04-26 11:26:49 - STOP
INFO:root:====================
INFO:root:Cas: 2024-04-26 11:29:00 - START
WARNING:fiona._env:Normalized/laundered field name: 'count_point' to 'count_poin'
WARNING:fiona._env:Normalized/laundered field name: 'length' to 'length_1'
WARNING:fiona._env:One or several characters couldn't be converted correctly from UTF-8 to ISO-8859-1.  This warning will not be emitted anymore.
WARNING:fiona._env:One or several characters couldn't be converted correctly from UTF-8 to ISO-8859-1.  This warning will not be emitted anymore.
WARNING:fiona._env:One or several characters couldn't be converted correctly from UTF-8 to ISO-8859-1.  This warning will not be emitted anymore.
WARNING:fiona._env:One or several characters couldn't be converted correctly from UTF-8 to ISO-8859-1.  This warning will not be emitted anymore.
WARNING:fiona._env:One or several characters couldn't be converted correctly from UTF-8 to ISO-8859-1.  This warning will not be emitted anymore.
WARNING:fiona._env:One or several characters couldn't be converted correctly from UTF-8 to ISO-8859-1.  This warning will not be emitted anymore.
WARNING:fiona._env:One or several characters couldn't be converted correctly from UTF-8 to ISO-8859-1.  This warning will not be emitted anymore.
WARNING:fiona._env:One or several characters couldn't be converted correctly from UTF-8 to ISO-8859-1.  This warning will not be emitted anymore.
WARNING:fiona._env:One or several characters couldn't be converted correctly from UTF-8 to ISO-8859-1.  This warning will not be emitted anymore.
WARNING:fiona._env:One or several characters couldn't be converted correctly from UTF-8 to ISO-8859-1.  This warning will not be emitted anymore.
WARNING:fiona._env:One or several characters couldn't be converted correctly from UTF-8 to ISO-8859-1.  This warning will not be emitted anymore.
WARNING:fiona._env:One or several characters couldn't be converted correctly from UTF-8 to ISO-8859-1.  This warning will not be emitted anymore.
WARNING:fiona._env:One or several characters couldn't be converted correctly from UTF-8 to ISO-8859-1.  This warning will not be emitted anymore.
WARNING:fiona._env:One or several characters couldn't be converted correctly from UTF-8 to ISO-8859-1.  This warning will not be emitted anymore.
WARNING:fiona._env:One or several characters couldn't be converted correctly from UTF-8 to ISO-8859-1.  This warning will not be emitted anymore.
INFO:root:Cas: 2024-04-26 11:29:12 - STOP
INFO:root:====================
INFO:root:Cas: 2024-04-26 11:29:29 - START
WARNING:fiona._env:Normalized/laundered field name: 'count_point' to 'count_poin'
WARNING:fiona._env:Normalized/laundered field name: 'length' to 'length_1'
WARNING:fiona._env:One or several characters couldn't be converted correctly from UTF-8 to ISO-8859-1.  This warning will not be emitted anymore.
WARNING:fiona._env:One or several characters couldn't be converted correctly from UTF-8 to ISO-8859-1.  This warning will not be emitted anymore.
WARNING:fiona._env:One or several characters couldn't be converted correctly from UTF-8 to ISO-8859-1.  This warning will not be emitted anymore.
WARNING:fiona._env:One or several characters couldn't be converted correctly from UTF-8 to ISO-8859-1.  This warning will not be emitted anymore.
WARNING:fiona._env:One or several characters couldn't be converted correctly from UTF-8 to ISO-8859-1.  This warning will not be emitted anymore.
WARNING:fiona._env:One or several characters couldn't be converted correctly from UTF-8 to ISO-8859-1.  This warning will not be emitted anymore.
WARNING:fiona._env:One or several characters couldn't be converted correctly from UTF-8 to ISO-8859-1.  This warning will not be emitted anymore.
WARNING:fiona._env:One or several characters couldn't be converted correctly from UTF-8 to ISO-8859-1.  This warning will not be emitted anymore.
WARNING:fiona._env:One or several characters couldn't be converted correctly from UTF-8 to ISO-8859-1.  This warning will not be emitted anymore.
WARNING:fiona._env:One or several characters couldn't be converted correctly from UTF-8 to ISO-8859-1.  This warning will not be emitted anymore.
WARNING:fiona._env:One or several characters couldn't be converted correctly from UTF-8 to ISO-8859-1.  This warning will not be emitted anymore.
WARNING:fiona._env:One or several characters couldn't be converted correctly from UTF-8 to ISO-8859-1.  This warning will not be emitted anymore.
WARNING:fiona._env:One or several characters couldn't be converted correctly from UTF-8 to ISO-8859-1.  This warning will not be emitted anymore.
WARNING:fiona._env:One or several characters couldn't be converted correctly from UTF-8 to ISO-8859-1.  This warning will not be emitted anymore.
WARNING:fiona._env:One or several characters couldn't be converted correctly from UTF-8 to ISO-8859-1.  This warning will not be emitted anymore.
INFO:root:Cas: 2024-04-26 11:29:42 - STOP
INFO:root:====================
INFO:root:Cas: 2024-04-26 11:38:54 - START
WARNING:fiona._env:Normalized/laundered field name: 'count_point' to 'count_poin'
WARNING:fiona._env:Normalized/laundered field name: 'length' to 'length_1'
WARNING:fiona._env:One or several characters couldn't be converted correctly from UTF-8 to ISO-8859-1.  This warning will not be emitted anymore.
WARNING:fiona._env:One or several characters couldn't be converted correctly from UTF-8 to ISO-8859-1.  This warning will not be emitted anymore.
WARNING:fiona._env:One or several characters couldn't be converted correctly from UTF-8 to ISO-8859-1.  This warning will not be emitted anymore.
WARNING:fiona._env:One or several characters couldn't be converted correctly from UTF-8 to ISO-8859-1.  This warning will not be emitted anymore.
WARNING:fiona._env:One or several characters couldn't be converted correctly from UTF-8 to ISO-8859-1.  This warning will not be emitted anymore.
WARNING:fiona._env:One or several characters couldn't be converted correctly from UTF-8 to ISO-8859-1.  This warning will not be emitted anymore.
WARNING:fiona._env:One or several characters couldn't be converted correctly from UTF-8 to ISO-8859-1.  This warning will not be emitted anymore.
WARNING:fiona._env:One or several characters couldn't be converted correctly from UTF-8 to ISO-8859-1.  This warning will not be emitted anymore.
WARNING:fiona._env:One or several characters couldn't be converted correctly from UTF-8 to ISO-8859-1.  This warning will not be emitted anymore.
WARNING:fiona._env:One or several characters couldn't be converted correctly from UTF-8 to ISO-8859-1.  This warning will not be emitted anymore.
WARNING:fiona._env:One or several characters couldn't be converted correctly from UTF-8 to ISO-8859-1.  This warning will not be emitted anymore.
WARNING:fiona._env:One or several characters couldn't be converted correctly from UTF-8 to ISO-8859-1.  This warning will not be emitted anymore.
WARNING:fiona._env:One or several characters couldn't be converted correctly from UTF-8 to ISO-8859-1.  This warning will not be emitted anymore.
WARNING:fiona._env:One or several characters couldn't be converted correctly from UTF-8 to ISO-8859-1.  This warning will not be emitted anymore.
WARNING:fiona._env:One or several characters couldn't be converted correctly from UTF-8 to ISO-8859-1.  This warning will not be emitted anymore.
INFO:root:Cas: 2024-04-26 11:39:06 - STOP
INFO:root:====================
INFO:root:Cas: 2024-04-26 11:40:57 - START
WARNING:fiona._env:Normalized/laundered field name: 'count_point' to 'count_poin'
WARNING:fiona._env:Normalized/laundered field name: 'length' to 'length_1'
WARNING:fiona._env:One or several characters couldn't be converted correctly from UTF-8 to ISO-8859-1.  This warning will not be emitted anymore.
WARNING:fiona._env:One or several characters couldn't be converted correctly from UTF-8 to ISO-8859-1.  This warning will not be emitted anymore.
WARNING:fiona._env:One or several characters couldn't be converted correctly from UTF-8 to ISO-8859-1.  This warning will not be emitted anymore.
WARNING:fiona._env:One or several characters couldn't be converted correctly from UTF-8 to ISO-8859-1.  This warning will not be emitted anymore.
WARNING:fiona._env:One or several characters couldn't be converted correctly from UTF-8 to ISO-8859-1.  This warning will not be emitted anymore.
WARNING:fiona._env:One or several characters couldn't be converted correctly from UTF-8 to ISO-8859-1.  This warning will not be emitted anymore.
WARNING:fiona._env:One or several characters couldn't be converted correctly from UTF-8 to ISO-8859-1.  This warning will not be emitted anymore.
WARNING:fiona._env:One or several characters couldn't be converted correctly from UTF-8 to ISO-8859-1.  This warning will not be emitted anymore.
WARNING:fiona._env:One or several characters couldn't be converted correctly from UTF-8 to ISO-8859-1.  This warning will not be emitted anymore.
WARNING:fiona._env:One or several characters couldn't be converted correctly from UTF-8 to ISO-8859-1.  This warning will not be emitted anymore.
WARNING:fiona._env:One or several characters couldn't be converted correctly from UTF-8 to ISO-8859-1.  This warning will not be emitted anymore.
WARNING:fiona._env:One or several characters couldn't be converted correctly from UTF-8 to ISO-8859-1.  This warning will not be emitted anymore.
WARNING:fiona._env:One or several characters couldn't be converted correctly from UTF-8 to ISO-8859-1.  This warning will not be emitted anymore.
WARNING:fiona._env:One or several characters couldn't be converted correctly from UTF-8 to ISO-8859-1.  This warning will not be emitted anymore.
WARNING:fiona._env:One or several characters couldn't be converted correctly from UTF-8 to ISO-8859-1.  This warning will not be emitted anymore.
INFO:root:Cas: 2024-04-26 11:41:09 - STOP
INFO:root:====================
INFO:root:Cas: 2024-04-26 11:41:48 - START
WARNING:fiona._env:Normalized/laundered field name: 'count_point' to 'count_poin'
WARNING:fiona._env:Normalized/laundered field name: 'length' to 'length_1'
WARNING:fiona._env:One or several characters couldn't be converted correctly from UTF-8 to ISO-8859-1.  This warning will not be emitted anymore.
WARNING:fiona._env:One or several characters couldn't be converted correctly from UTF-8 to ISO-8859-1.  This warning will not be emitted anymore.
WARNING:fiona._env:One or several characters couldn't be converted correctly from UTF-8 to ISO-8859-1.  This warning will not be emitted anymore.
WARNING:fiona._env:One or several characters couldn't be converted correctly from UTF-8 to ISO-8859-1.  This warning will not be emitted anymore.
WARNING:fiona._env:One or several characters couldn't be converted correctly from UTF-8 to ISO-8859-1.  This warning will not be emitted anymore.
WARNING:fiona._env:One or several characters couldn't be converted correctly from UTF-8 to ISO-8859-1.  This warning will not be emitted anymore.
WARNING:fiona._env:One or several characters couldn't be converted correctly from UTF-8 to ISO-8859-1.  This warning will not be emitted anymore.
WARNING:fiona._env:One or several characters couldn't be converted correctly from UTF-8 to ISO-8859-1.  This warning will not be emitted anymore.
WARNING:fiona._env:One or several characters couldn't be converted correctly from UTF-8 to ISO-8859-1.  This warning will not be emitted anymore.
WARNING:fiona._env:One or several characters couldn't be converted correctly from UTF-8 to ISO-8859-1.  This warning will not be emitted anymore.
WARNING:fiona._env:One or several characters couldn't be converted correctly from UTF-8 to ISO-8859-1.  This warning will not be emitted anymore.
WARNING:fiona._env:One or several characters couldn't be converted correctly from UTF-8 to ISO-8859-1.  This warning will not be emitted anymore.
WARNING:fiona._env:One or several characters couldn't be converted correctly from UTF-8 to ISO-8859-1.  This warning will not be emitted anymore.
WARNING:fiona._env:One or several characters couldn't be converted correctly from UTF-8 to ISO-8859-1.  This warning will not be emitted anymore.
WARNING:fiona._env:One or several characters couldn't be converted correctly from UTF-8 to ISO-8859-1.  This warning will not be emitted anymore.
INFO:root:Cas: 2024-04-26 11:42:00 - STOP
INFO:root:====================
INFO:root:Cas: 2024-04-26 11:43:06 - START
WARNING:fiona._env:Normalized/laundered field name: 'count_point' to 'count_poin'
WARNING:fiona._env:Normalized/laundered field name: 'length' to 'length_1'
WARNING:fiona._env:One or several characters couldn't be converted correctly from UTF-8 to ISO-8859-1.  This warning will not be emitted anymore.
WARNING:fiona._env:One or several characters couldn't be converted correctly from UTF-8 to ISO-8859-1.  This warning will not be emitted anymore.
WARNING:fiona._env:One or several characters couldn't be converted correctly from UTF-8 to ISO-8859-1.  This warning will not be emitted anymore.
WARNING:fiona._env:One or several characters couldn't be converted correctly from UTF-8 to ISO-8859-1.  This warning will not be emitted anymore.
WARNING:fiona._env:One or several characters couldn't be converted correctly from UTF-8 to ISO-8859-1.  This warning will not be emitted anymore.
WARNING:fiona._env:One or several characters couldn't be converted correctly from UTF-8 to ISO-8859-1.  This warning will not be emitted anymore.
WARNING:fiona._env:One or several characters couldn't be converted correctly from UTF-8 to ISO-8859-1.  This warning will not be emitted anymore.
WARNING:fiona._env:One or several characters couldn't be converted correctly from UTF-8 to ISO-8859-1.  This warning will not be emitted anymore.
WARNING:fiona._env:One or several characters couldn't be converted correctly from UTF-8 to ISO-8859-1.  This warning will not be emitted anymore.
WARNING:fiona._env:One or several characters couldn't be converted correctly from UTF-8 to ISO-8859-1.  This warning will not be emitted anymore.
WARNING:fiona._env:One or several characters couldn't be converted correctly from UTF-8 to ISO-8859-1.  This warning will not be emitted anymore.
WARNING:fiona._env:One or several characters couldn't be converted correctly from UTF-8 to ISO-8859-1.  This warning will not be emitted anymore.
WARNING:fiona._env:One or several characters couldn't be converted correctly from UTF-8 to ISO-8859-1.  This warning will not be emitted anymore.
WARNING:fiona._env:One or several characters couldn't be converted correctly from UTF-8 to ISO-8859-1.  This warning will not be emitted anymore.
WARNING:fiona._env:One or several characters couldn't be converted correctly from UTF-8 to ISO-8859-1.  This warning will not be emitted anymore.
INFO:root:Cas: 2024-04-26 11:43:19 - STOP
INFO:root:====================
INFO:root:Cas: 2024-04-26 11:45:39 - START
WARNING:fiona._env:Normalized/laundered field name: 'count_point' to 'count_poin'
WARNING:fiona._env:Normalized/laundered field name: 'length' to 'length_1'
WARNING:fiona._env:One or several characters couldn't be converted correctly from UTF-8 to ISO-8859-1.  This warning will not be emitted anymore.
WARNING:fiona._env:One or several characters couldn't be converted correctly from UTF-8 to ISO-8859-1.  This warning will not be emitted anymore.
WARNING:fiona._env:One or several characters couldn't be converted correctly from UTF-8 to ISO-8859-1.  This warning will not be emitted anymore.
WARNING:fiona._env:One or several characters couldn't be converted correctly from UTF-8 to ISO-8859-1.  This warning will not be emitted anymore.
WARNING:fiona._env:One or several characters couldn't be converted correctly from UTF-8 to ISO-8859-1.  This warning will not be emitted anymore.
WARNING:fiona._env:One or several characters couldn't be converted correctly from UTF-8 to ISO-8859-1.  This warning will not be emitted anymore.
WARNING:fiona._env:One or several characters couldn't be converted correctly from UTF-8 to ISO-8859-1.  This warning will not be emitted anymore.
WARNING:fiona._env:One or several characters couldn't be converted correctly from UTF-8 to ISO-8859-1.  This warning will not be emitted anymore.
WARNING:fiona._env:One or several characters couldn't be converted correctly from UTF-8 to ISO-8859-1.  This warning will not be emitted anymore.
WARNING:fiona._env:One or several characters couldn't be converted correctly from UTF-8 to ISO-8859-1.  This warning will not be emitted anymore.
WARNING:fiona._env:One or several characters couldn't be converted correctly from UTF-8 to ISO-8859-1.  This warning will not be emitted anymore.
WARNING:fiona._env:One or several characters couldn't be converted correctly from UTF-8 to ISO-8859-1.  This warning will not be emitted anymore.
WARNING:fiona._env:One or several characters couldn't be converted correctly from UTF-8 to ISO-8859-1.  This warning will not be emitted anymore.
WARNING:fiona._env:One or several characters couldn't be converted correctly from UTF-8 to ISO-8859-1.  This warning will not be emitted anymore.
WARNING:fiona._env:One or several characters couldn't be converted correctly from UTF-8 to ISO-8859-1.  This warning will not be emitted anymore.
INFO:root:Cas: 2024-04-26 11:45:51 - STOP
INFO:root:====================
INFO:root:Cas: 2024-04-26 11:47:10 - START
WARNING:fiona._env:Normalized/laundered field name: 'count_point' to 'count_poin'
WARNING:fiona._env:Normalized/laundered field name: 'length' to 'length_1'
WARNING:fiona._env:One or several characters couldn't be converted correctly from UTF-8 to ISO-8859-1.  This warning will not be emitted anymore.
WARNING:fiona._env:One or several characters couldn't be converted correctly from UTF-8 to ISO-8859-1.  This warning will not be emitted anymore.
WARNING:fiona._env:One or several characters couldn't be converted correctly from UTF-8 to ISO-8859-1.  This warning will not be emitted anymore.
WARNING:fiona._env:One or several characters couldn't be converted correctly from UTF-8 to ISO-8859-1.  This warning will not be emitted anymore.
WARNING:fiona._env:One or several characters couldn't be converted correctly from UTF-8 to ISO-8859-1.  This warning will not be emitted anymore.
WARNING:fiona._env:One or several characters couldn't be converted correctly from UTF-8 to ISO-8859-1.  This warning will not be emitted anymore.
WARNING:fiona._env:One or several characters couldn't be converted correctly from UTF-8 to ISO-8859-1.  This warning will not be emitted anymore.
WARNING:fiona._env:One or several characters couldn't be converted correctly from UTF-8 to ISO-8859-1.  This warning will not be emitted anymore.
WARNING:fiona._env:One or several characters couldn't be converted correctly from UTF-8 to ISO-8859-1.  This warning will not be emitted anymore.
WARNING:fiona._env:One or several characters couldn't be converted correctly from UTF-8 to ISO-8859-1.  This warning will not be emitted anymore.
WARNING:fiona._env:One or several characters couldn't be converted correctly from UTF-8 to ISO-8859-1.  This warning will not be emitted anymore.
WARNING:fiona._env:One or several characters couldn't be converted correctly from UTF-8 to ISO-8859-1.  This warning will not be emitted anymore.
WARNING:fiona._env:One or several characters couldn't be converted correctly from UTF-8 to ISO-8859-1.  This warning will not be emitted anymore.
WARNING:fiona._env:One or several characters couldn't be converted correctly from UTF-8 to ISO-8859-1.  This warning will not be emitted anymore.
WARNING:fiona._env:One or several characters couldn't be converted correctly from UTF-8 to ISO-8859-1.  This warning will not be emitted anymore.
INFO:root:Cas: 2024-04-26 11:47:21 - STOP
INFO:root:====================
INFO:root:Cas: 2024-04-26 11:49:10 - START
WARNING:fiona._env:Normalized/laundered field name: 'count_point' to 'count_poin'
WARNING:fiona._env:Normalized/laundered field name: 'length' to 'length_1'
WARNING:fiona._env:One or several characters couldn't be converted correctly from UTF-8 to ISO-8859-1.  This warning will not be emitted anymore.
WARNING:fiona._env:One or several characters couldn't be converted correctly from UTF-8 to ISO-8859-1.  This warning will not be emitted anymore.
WARNING:fiona._env:One or several characters couldn't be converted correctly from UTF-8 to ISO-8859-1.  This warning will not be emitted anymore.
WARNING:fiona._env:One or several characters couldn't be converted correctly from UTF-8 to ISO-8859-1.  This warning will not be emitted anymore.
WARNING:fiona._env:One or several characters couldn't be converted correctly from UTF-8 to ISO-8859-1.  This warning will not be emitted anymore.
WARNING:fiona._env:One or several characters couldn't be converted correctly from UTF-8 to ISO-8859-1.  This warning will not be emitted anymore.
WARNING:fiona._env:One or several characters couldn't be converted correctly from UTF-8 to ISO-8859-1.  This warning will not be emitted anymore.
WARNING:fiona._env:One or several characters couldn't be converted correctly from UTF-8 to ISO-8859-1.  This warning will not be emitted anymore.
WARNING:fiona._env:One or several characters couldn't be converted correctly from UTF-8 to ISO-8859-1.  This warning will not be emitted anymore.
WARNING:fiona._env:One or several characters couldn't be converted correctly from UTF-8 to ISO-8859-1.  This warning will not be emitted anymore.
WARNING:fiona._env:One or several characters couldn't be converted correctly from UTF-8 to ISO-8859-1.  This warning will not be emitted anymore.
WARNING:fiona._env:One or several characters couldn't be converted correctly from UTF-8 to ISO-8859-1.  This warning will not be emitted anymore.
WARNING:fiona._env:One or several characters couldn't be converted correctly from UTF-8 to ISO-8859-1.  This warning will not be emitted anymore.
WARNING:fiona._env:One or several characters couldn't be converted correctly from UTF-8 to ISO-8859-1.  This warning will not be emitted anymore.
WARNING:fiona._env:One or several characters couldn't be converted correctly from UTF-8 to ISO-8859-1.  This warning will not be emitted anymore.
ERROR:root:An exception was thrown!
Traceback (most recent call last):
  File "C:\Users\Petr\AppData\Roaming\QGIS\QGIS3\profiles\default\python\plugins\convert_shapefile_gen4\creating_Gen4.py", line 924, in create_file
    output_folder, output_log = gen4_from_shp.creat_setup_xml()
                                ^^^^^^^^^^^^^^^^^^^^^^^^^^^^^^^
  File "C:\Users\Petr\AppData\Roaming\QGIS\QGIS3\profiles\default\python\plugins\convert_shapefile_gen4\creating_Gen4.py", line 467, in creat_setup_xml
    elm_setup, self.bool_Guidance = create_element.create_guidance(element=elm_setup,
                                    ^^^^^^^^^^^^^^^^^^^^^^^^^^^^^^^^^^^^^^^^^^^^^^^^^
  File "C:\Users\Petr\AppData\Roaming\QGIS\QGIS3\profiles\default\python\plugins\convert_shapefile_gen4\creating_Gen4.py", line 850, in create_guidance
    element_tracks_own.append([element_ab_line, element_ab_line])
TypeError: append() argument must be xml.etree.ElementTree.Element, not list
INFO:root:Cas: 2024-04-26 11:49:22 - STOP
INFO:root:====================
INFO:root:Cas: 2024-04-26 11:49:41 - START
WARNING:fiona._env:Normalized/laundered field name: 'count_point' to 'count_poin'
WARNING:fiona._env:Normalized/laundered field name: 'length' to 'length_1'
WARNING:fiona._env:One or several characters couldn't be converted correctly from UTF-8 to ISO-8859-1.  This warning will not be emitted anymore.
WARNING:fiona._env:One or several characters couldn't be converted correctly from UTF-8 to ISO-8859-1.  This warning will not be emitted anymore.
WARNING:fiona._env:One or several characters couldn't be converted correctly from UTF-8 to ISO-8859-1.  This warning will not be emitted anymore.
WARNING:fiona._env:One or several characters couldn't be converted correctly from UTF-8 to ISO-8859-1.  This warning will not be emitted anymore.
WARNING:fiona._env:One or several characters couldn't be converted correctly from UTF-8 to ISO-8859-1.  This warning will not be emitted anymore.
WARNING:fiona._env:One or several characters couldn't be converted correctly from UTF-8 to ISO-8859-1.  This warning will not be emitted anymore.
WARNING:fiona._env:One or several characters couldn't be converted correctly from UTF-8 to ISO-8859-1.  This warning will not be emitted anymore.
WARNING:fiona._env:One or several characters couldn't be converted correctly from UTF-8 to ISO-8859-1.  This warning will not be emitted anymore.
WARNING:fiona._env:One or several characters couldn't be converted correctly from UTF-8 to ISO-8859-1.  This warning will not be emitted anymore.
WARNING:fiona._env:One or several characters couldn't be converted correctly from UTF-8 to ISO-8859-1.  This warning will not be emitted anymore.
WARNING:fiona._env:One or several characters couldn't be converted correctly from UTF-8 to ISO-8859-1.  This warning will not be emitted anymore.
WARNING:fiona._env:One or several characters couldn't be converted correctly from UTF-8 to ISO-8859-1.  This warning will not be emitted anymore.
WARNING:fiona._env:One or several characters couldn't be converted correctly from UTF-8 to ISO-8859-1.  This warning will not be emitted anymore.
WARNING:fiona._env:One or several characters couldn't be converted correctly from UTF-8 to ISO-8859-1.  This warning will not be emitted anymore.
WARNING:fiona._env:One or several characters couldn't be converted correctly from UTF-8 to ISO-8859-1.  This warning will not be emitted anymore.
ERROR:root:An exception was thrown!
Traceback (most recent call last):
  File "C:\Users\Petr\AppData\Roaming\QGIS\QGIS3\profiles\default\python\plugins\convert_shapefile_gen4\creating_Gen4.py", line 924, in create_file
    output_folder, output_log = gen4_from_shp.creat_setup_xml()
                                ^^^^^^^^^^^^^^^^^^^^^^^^^^^^^^^
  File "C:\Users\Petr\AppData\Roaming\QGIS\QGIS3\profiles\default\python\plugins\convert_shapefile_gen4\creating_Gen4.py", line 467, in creat_setup_xml
    elm_setup, self.bool_Guidance = create_element.create_guidance(element=elm_setup,
                                    ^^^^^^^^^^^^^^^^^^^^^^^^^^^^^^^^^^^^^^^^^^^^^^^^^
  File "C:\Users\Petr\AppData\Roaming\QGIS\QGIS3\profiles\default\python\plugins\convert_shapefile_gen4\creating_Gen4.py", line 850, in create_guidance
    element_tracks_own.append([element_ab_line, element_ab_line])
TypeError: append() argument must be xml.etree.ElementTree.Element, not list
INFO:root:Cas: 2024-04-26 11:49:53 - STOP
INFO:root:====================
INFO:root:Cas: 2024-04-26 11:52:03 - START
WARNING:fiona._env:Normalized/laundered field name: 'count_point' to 'count_poin'
WARNING:fiona._env:Normalized/laundered field name: 'length' to 'length_1'
WARNING:fiona._env:One or several characters couldn't be converted correctly from UTF-8 to ISO-8859-1.  This warning will not be emitted anymore.
WARNING:fiona._env:One or several characters couldn't be converted correctly from UTF-8 to ISO-8859-1.  This warning will not be emitted anymore.
WARNING:fiona._env:One or several characters couldn't be converted correctly from UTF-8 to ISO-8859-1.  This warning will not be emitted anymore.
WARNING:fiona._env:One or several characters couldn't be converted correctly from UTF-8 to ISO-8859-1.  This warning will not be emitted anymore.
WARNING:fiona._env:One or several characters couldn't be converted correctly from UTF-8 to ISO-8859-1.  This warning will not be emitted anymore.
WARNING:fiona._env:One or several characters couldn't be converted correctly from UTF-8 to ISO-8859-1.  This warning will not be emitted anymore.
WARNING:fiona._env:One or several characters couldn't be converted correctly from UTF-8 to ISO-8859-1.  This warning will not be emitted anymore.
WARNING:fiona._env:One or several characters couldn't be converted correctly from UTF-8 to ISO-8859-1.  This warning will not be emitted anymore.
WARNING:fiona._env:One or several characters couldn't be converted correctly from UTF-8 to ISO-8859-1.  This warning will not be emitted anymore.
WARNING:fiona._env:One or several characters couldn't be converted correctly from UTF-8 to ISO-8859-1.  This warning will not be emitted anymore.
WARNING:fiona._env:One or several characters couldn't be converted correctly from UTF-8 to ISO-8859-1.  This warning will not be emitted anymore.
WARNING:fiona._env:One or several characters couldn't be converted correctly from UTF-8 to ISO-8859-1.  This warning will not be emitted anymore.
WARNING:fiona._env:One or several characters couldn't be converted correctly from UTF-8 to ISO-8859-1.  This warning will not be emitted anymore.
WARNING:fiona._env:One or several characters couldn't be converted correctly from UTF-8 to ISO-8859-1.  This warning will not be emitted anymore.
WARNING:fiona._env:One or several characters couldn't be converted correctly from UTF-8 to ISO-8859-1.  This warning will not be emitted anymore.
INFO:root:Cas: 2024-04-26 11:52:15 - STOP
INFO:root:====================
INFO:root:Cas: 2024-04-26 11:53:19 - START
WARNING:fiona._env:Normalized/laundered field name: 'count_point' to 'count_poin'
WARNING:fiona._env:Normalized/laundered field name: 'length' to 'length_1'
WARNING:fiona._env:One or several characters couldn't be converted correctly from UTF-8 to ISO-8859-1.  This warning will not be emitted anymore.
WARNING:fiona._env:One or several characters couldn't be converted correctly from UTF-8 to ISO-8859-1.  This warning will not be emitted anymore.
WARNING:fiona._env:One or several characters couldn't be converted correctly from UTF-8 to ISO-8859-1.  This warning will not be emitted anymore.
WARNING:fiona._env:One or several characters couldn't be converted correctly from UTF-8 to ISO-8859-1.  This warning will not be emitted anymore.
WARNING:fiona._env:One or several characters couldn't be converted correctly from UTF-8 to ISO-8859-1.  This warning will not be emitted anymore.
WARNING:fiona._env:One or several characters couldn't be converted correctly from UTF-8 to ISO-8859-1.  This warning will not be emitted anymore.
WARNING:fiona._env:One or several characters couldn't be converted correctly from UTF-8 to ISO-8859-1.  This warning will not be emitted anymore.
WARNING:fiona._env:One or several characters couldn't be converted correctly from UTF-8 to ISO-8859-1.  This warning will not be emitted anymore.
WARNING:fiona._env:One or several characters couldn't be converted correctly from UTF-8 to ISO-8859-1.  This warning will not be emitted anymore.
WARNING:fiona._env:One or several characters couldn't be converted correctly from UTF-8 to ISO-8859-1.  This warning will not be emitted anymore.
WARNING:fiona._env:One or several characters couldn't be converted correctly from UTF-8 to ISO-8859-1.  This warning will not be emitted anymore.
WARNING:fiona._env:One or several characters couldn't be converted correctly from UTF-8 to ISO-8859-1.  This warning will not be emitted anymore.
WARNING:fiona._env:One or several characters couldn't be converted correctly from UTF-8 to ISO-8859-1.  This warning will not be emitted anymore.
WARNING:fiona._env:One or several characters couldn't be converted correctly from UTF-8 to ISO-8859-1.  This warning will not be emitted anymore.
WARNING:fiona._env:One or several characters couldn't be converted correctly from UTF-8 to ISO-8859-1.  This warning will not be emitted anymore.
INFO:root:Cas: 2024-04-26 11:53:31 - STOP
INFO:root:====================
INFO:root:Cas: 2024-04-26 11:55:19 - START
WARNING:fiona._env:Normalized/laundered field name: 'count_point' to 'count_poin'
WARNING:fiona._env:Normalized/laundered field name: 'length' to 'length_1'
WARNING:fiona._env:One or several characters couldn't be converted correctly from UTF-8 to ISO-8859-1.  This warning will not be emitted anymore.
WARNING:fiona._env:One or several characters couldn't be converted correctly from UTF-8 to ISO-8859-1.  This warning will not be emitted anymore.
WARNING:fiona._env:One or several characters couldn't be converted correctly from UTF-8 to ISO-8859-1.  This warning will not be emitted anymore.
WARNING:fiona._env:One or several characters couldn't be converted correctly from UTF-8 to ISO-8859-1.  This warning will not be emitted anymore.
WARNING:fiona._env:One or several characters couldn't be converted correctly from UTF-8 to ISO-8859-1.  This warning will not be emitted anymore.
WARNING:fiona._env:One or several characters couldn't be converted correctly from UTF-8 to ISO-8859-1.  This warning will not be emitted anymore.
WARNING:fiona._env:One or several characters couldn't be converted correctly from UTF-8 to ISO-8859-1.  This warning will not be emitted anymore.
WARNING:fiona._env:One or several characters couldn't be converted correctly from UTF-8 to ISO-8859-1.  This warning will not be emitted anymore.
WARNING:fiona._env:One or several characters couldn't be converted correctly from UTF-8 to ISO-8859-1.  This warning will not be emitted anymore.
WARNING:fiona._env:One or several characters couldn't be converted correctly from UTF-8 to ISO-8859-1.  This warning will not be emitted anymore.
WARNING:fiona._env:One or several characters couldn't be converted correctly from UTF-8 to ISO-8859-1.  This warning will not be emitted anymore.
WARNING:fiona._env:One or several characters couldn't be converted correctly from UTF-8 to ISO-8859-1.  This warning will not be emitted anymore.
WARNING:fiona._env:One or several characters couldn't be converted correctly from UTF-8 to ISO-8859-1.  This warning will not be emitted anymore.
WARNING:fiona._env:One or several characters couldn't be converted correctly from UTF-8 to ISO-8859-1.  This warning will not be emitted anymore.
WARNING:fiona._env:One or several characters couldn't be converted correctly from UTF-8 to ISO-8859-1.  This warning will not be emitted anymore.
INFO:root:Cas: 2024-04-26 11:55:30 - STOP
INFO:root:====================
INFO:root:Cas: 2024-04-26 11:58:24 - START
WARNING:fiona._env:Normalized/laundered field name: 'count_point' to 'count_poin'
WARNING:fiona._env:Normalized/laundered field name: 'length' to 'length_1'
WARNING:fiona._env:One or several characters couldn't be converted correctly from UTF-8 to ISO-8859-1.  This warning will not be emitted anymore.
WARNING:fiona._env:One or several characters couldn't be converted correctly from UTF-8 to ISO-8859-1.  This warning will not be emitted anymore.
WARNING:fiona._env:One or several characters couldn't be converted correctly from UTF-8 to ISO-8859-1.  This warning will not be emitted anymore.
WARNING:fiona._env:One or several characters couldn't be converted correctly from UTF-8 to ISO-8859-1.  This warning will not be emitted anymore.
WARNING:fiona._env:One or several characters couldn't be converted correctly from UTF-8 to ISO-8859-1.  This warning will not be emitted anymore.
WARNING:fiona._env:One or several characters couldn't be converted correctly from UTF-8 to ISO-8859-1.  This warning will not be emitted anymore.
WARNING:fiona._env:One or several characters couldn't be converted correctly from UTF-8 to ISO-8859-1.  This warning will not be emitted anymore.
WARNING:fiona._env:One or several characters couldn't be converted correctly from UTF-8 to ISO-8859-1.  This warning will not be emitted anymore.
WARNING:fiona._env:One or several characters couldn't be converted correctly from UTF-8 to ISO-8859-1.  This warning will not be emitted anymore.
WARNING:fiona._env:One or several characters couldn't be converted correctly from UTF-8 to ISO-8859-1.  This warning will not be emitted anymore.
WARNING:fiona._env:One or several characters couldn't be converted correctly from UTF-8 to ISO-8859-1.  This warning will not be emitted anymore.
WARNING:fiona._env:One or several characters couldn't be converted correctly from UTF-8 to ISO-8859-1.  This warning will not be emitted anymore.
WARNING:fiona._env:One or several characters couldn't be converted correctly from UTF-8 to ISO-8859-1.  This warning will not be emitted anymore.
WARNING:fiona._env:One or several characters couldn't be converted correctly from UTF-8 to ISO-8859-1.  This warning will not be emitted anymore.
WARNING:fiona._env:One or several characters couldn't be converted correctly from UTF-8 to ISO-8859-1.  This warning will not be emitted anymore.
INFO:root:Cas: 2024-04-26 11:58:35 - STOP
INFO:root:====================
INFO:root:Cas: 2024-04-26 12:00:53 - START
WARNING:fiona._env:Normalized/laundered field name: 'count_point' to 'count_poin'
WARNING:fiona._env:Normalized/laundered field name: 'length' to 'length_1'
WARNING:fiona._env:One or several characters couldn't be converted correctly from UTF-8 to ISO-8859-1.  This warning will not be emitted anymore.
WARNING:fiona._env:One or several characters couldn't be converted correctly from UTF-8 to ISO-8859-1.  This warning will not be emitted anymore.
WARNING:fiona._env:One or several characters couldn't be converted correctly from UTF-8 to ISO-8859-1.  This warning will not be emitted anymore.
WARNING:fiona._env:One or several characters couldn't be converted correctly from UTF-8 to ISO-8859-1.  This warning will not be emitted anymore.
WARNING:fiona._env:One or several characters couldn't be converted correctly from UTF-8 to ISO-8859-1.  This warning will not be emitted anymore.
WARNING:fiona._env:One or several characters couldn't be converted correctly from UTF-8 to ISO-8859-1.  This warning will not be emitted anymore.
WARNING:fiona._env:One or several characters couldn't be converted correctly from UTF-8 to ISO-8859-1.  This warning will not be emitted anymore.
WARNING:fiona._env:One or several characters couldn't be converted correctly from UTF-8 to ISO-8859-1.  This warning will not be emitted anymore.
WARNING:fiona._env:One or several characters couldn't be converted correctly from UTF-8 to ISO-8859-1.  This warning will not be emitted anymore.
WARNING:fiona._env:One or several characters couldn't be converted correctly from UTF-8 to ISO-8859-1.  This warning will not be emitted anymore.
WARNING:fiona._env:One or several characters couldn't be converted correctly from UTF-8 to ISO-8859-1.  This warning will not be emitted anymore.
WARNING:fiona._env:One or several characters couldn't be converted correctly from UTF-8 to ISO-8859-1.  This warning will not be emitted anymore.
WARNING:fiona._env:One or several characters couldn't be converted correctly from UTF-8 to ISO-8859-1.  This warning will not be emitted anymore.
WARNING:fiona._env:One or several characters couldn't be converted correctly from UTF-8 to ISO-8859-1.  This warning will not be emitted anymore.
WARNING:fiona._env:One or several characters couldn't be converted correctly from UTF-8 to ISO-8859-1.  This warning will not be emitted anymore.
INFO:root:Cas: 2024-04-26 12:01:05 - STOP
INFO:root:====================
INFO:root:Cas: 2024-04-26 12:04:15 - START
WARNING:fiona._env:Normalized/laundered field name: 'count_point' to 'count_poin'
WARNING:fiona._env:Normalized/laundered field name: 'length' to 'length_1'
WARNING:fiona._env:One or several characters couldn't be converted correctly from UTF-8 to ISO-8859-1.  This warning will not be emitted anymore.
WARNING:fiona._env:One or several characters couldn't be converted correctly from UTF-8 to ISO-8859-1.  This warning will not be emitted anymore.
WARNING:fiona._env:One or several characters couldn't be converted correctly from UTF-8 to ISO-8859-1.  This warning will not be emitted anymore.
WARNING:fiona._env:One or several characters couldn't be converted correctly from UTF-8 to ISO-8859-1.  This warning will not be emitted anymore.
WARNING:fiona._env:One or several characters couldn't be converted correctly from UTF-8 to ISO-8859-1.  This warning will not be emitted anymore.
WARNING:fiona._env:One or several characters couldn't be converted correctly from UTF-8 to ISO-8859-1.  This warning will not be emitted anymore.
WARNING:fiona._env:One or several characters couldn't be converted correctly from UTF-8 to ISO-8859-1.  This warning will not be emitted anymore.
WARNING:fiona._env:One or several characters couldn't be converted correctly from UTF-8 to ISO-8859-1.  This warning will not be emitted anymore.
WARNING:fiona._env:One or several characters couldn't be converted correctly from UTF-8 to ISO-8859-1.  This warning will not be emitted anymore.
WARNING:fiona._env:One or several characters couldn't be converted correctly from UTF-8 to ISO-8859-1.  This warning will not be emitted anymore.
WARNING:fiona._env:One or several characters couldn't be converted correctly from UTF-8 to ISO-8859-1.  This warning will not be emitted anymore.
WARNING:fiona._env:One or several characters couldn't be converted correctly from UTF-8 to ISO-8859-1.  This warning will not be emitted anymore.
WARNING:fiona._env:One or several characters couldn't be converted correctly from UTF-8 to ISO-8859-1.  This warning will not be emitted anymore.
WARNING:fiona._env:One or several characters couldn't be converted correctly from UTF-8 to ISO-8859-1.  This warning will not be emitted anymore.
WARNING:fiona._env:One or several characters couldn't be converted correctly from UTF-8 to ISO-8859-1.  This warning will not be emitted anymore.
INFO:root:Cas: 2024-04-26 12:10:57 - STOP
INFO:root:====================
INFO:root:Cas: 2024-04-26 12:10:58 - START
WARNING:fiona._env:Normalized/laundered field name: 'count_point' to 'count_poin'
WARNING:fiona._env:Normalized/laundered field name: 'length' to 'length_1'
WARNING:fiona._env:One or several characters couldn't be converted correctly from UTF-8 to ISO-8859-1.  This warning will not be emitted anymore.
WARNING:fiona._env:One or several characters couldn't be converted correctly from UTF-8 to ISO-8859-1.  This warning will not be emitted anymore.
WARNING:fiona._env:One or several characters couldn't be converted correctly from UTF-8 to ISO-8859-1.  This warning will not be emitted anymore.
WARNING:fiona._env:One or several characters couldn't be converted correctly from UTF-8 to ISO-8859-1.  This warning will not be emitted anymore.
WARNING:fiona._env:One or several characters couldn't be converted correctly from UTF-8 to ISO-8859-1.  This warning will not be emitted anymore.
WARNING:fiona._env:One or several characters couldn't be converted correctly from UTF-8 to ISO-8859-1.  This warning will not be emitted anymore.
WARNING:fiona._env:One or several characters couldn't be converted correctly from UTF-8 to ISO-8859-1.  This warning will not be emitted anymore.
WARNING:fiona._env:One or several characters couldn't be converted correctly from UTF-8 to ISO-8859-1.  This warning will not be emitted anymore.
WARNING:fiona._env:One or several characters couldn't be converted correctly from UTF-8 to ISO-8859-1.  This warning will not be emitted anymore.
WARNING:fiona._env:One or several characters couldn't be converted correctly from UTF-8 to ISO-8859-1.  This warning will not be emitted anymore.
WARNING:fiona._env:One or several characters couldn't be converted correctly from UTF-8 to ISO-8859-1.  This warning will not be emitted anymore.
WARNING:fiona._env:One or several characters couldn't be converted correctly from UTF-8 to ISO-8859-1.  This warning will not be emitted anymore.
WARNING:fiona._env:One or several characters couldn't be converted correctly from UTF-8 to ISO-8859-1.  This warning will not be emitted anymore.
WARNING:fiona._env:One or several characters couldn't be converted correctly from UTF-8 to ISO-8859-1.  This warning will not be emitted anymore.
WARNING:fiona._env:One or several characters couldn't be converted correctly from UTF-8 to ISO-8859-1.  This warning will not be emitted anymore.
INFO:root:Cas: 2024-04-26 12:11:05 - STOP
INFO:root:====================
INFO:root:Cas: 2024-04-26 12:11:09 - START
WARNING:fiona._env:Normalized/laundered field name: 'count_point' to 'count_poin'
WARNING:fiona._env:Normalized/laundered field name: 'length' to 'length_1'
WARNING:fiona._env:One or several characters couldn't be converted correctly from UTF-8 to ISO-8859-1.  This warning will not be emitted anymore.
WARNING:fiona._env:One or several characters couldn't be converted correctly from UTF-8 to ISO-8859-1.  This warning will not be emitted anymore.
WARNING:fiona._env:One or several characters couldn't be converted correctly from UTF-8 to ISO-8859-1.  This warning will not be emitted anymore.
WARNING:fiona._env:One or several characters couldn't be converted correctly from UTF-8 to ISO-8859-1.  This warning will not be emitted anymore.
WARNING:fiona._env:One or several characters couldn't be converted correctly from UTF-8 to ISO-8859-1.  This warning will not be emitted anymore.
WARNING:fiona._env:One or several characters couldn't be converted correctly from UTF-8 to ISO-8859-1.  This warning will not be emitted anymore.
WARNING:fiona._env:One or several characters couldn't be converted correctly from UTF-8 to ISO-8859-1.  This warning will not be emitted anymore.
WARNING:fiona._env:One or several characters couldn't be converted correctly from UTF-8 to ISO-8859-1.  This warning will not be emitted anymore.
WARNING:fiona._env:One or several characters couldn't be converted correctly from UTF-8 to ISO-8859-1.  This warning will not be emitted anymore.
WARNING:fiona._env:One or several characters couldn't be converted correctly from UTF-8 to ISO-8859-1.  This warning will not be emitted anymore.
WARNING:fiona._env:One or several characters couldn't be converted correctly from UTF-8 to ISO-8859-1.  This warning will not be emitted anymore.
WARNING:fiona._env:One or several characters couldn't be converted correctly from UTF-8 to ISO-8859-1.  This warning will not be emitted anymore.
WARNING:fiona._env:One or several characters couldn't be converted correctly from UTF-8 to ISO-8859-1.  This warning will not be emitted anymore.
WARNING:fiona._env:One or several characters couldn't be converted correctly from UTF-8 to ISO-8859-1.  This warning will not be emitted anymore.
WARNING:fiona._env:One or several characters couldn't be converted correctly from UTF-8 to ISO-8859-1.  This warning will not be emitted anymore.
INFO:root:Cas: 2024-04-26 12:11:21 - STOP
INFO:root:====================
INFO:root:Cas: 2024-04-26 12:12:46 - START
WARNING:fiona._env:Normalized/laundered field name: 'count_point' to 'count_poin'
WARNING:fiona._env:Normalized/laundered field name: 'length' to 'length_1'
WARNING:fiona._env:One or several characters couldn't be converted correctly from UTF-8 to ISO-8859-1.  This warning will not be emitted anymore.
WARNING:fiona._env:One or several characters couldn't be converted correctly from UTF-8 to ISO-8859-1.  This warning will not be emitted anymore.
WARNING:fiona._env:One or several characters couldn't be converted correctly from UTF-8 to ISO-8859-1.  This warning will not be emitted anymore.
WARNING:fiona._env:One or several characters couldn't be converted correctly from UTF-8 to ISO-8859-1.  This warning will not be emitted anymore.
WARNING:fiona._env:One or several characters couldn't be converted correctly from UTF-8 to ISO-8859-1.  This warning will not be emitted anymore.
WARNING:fiona._env:One or several characters couldn't be converted correctly from UTF-8 to ISO-8859-1.  This warning will not be emitted anymore.
WARNING:fiona._env:One or several characters couldn't be converted correctly from UTF-8 to ISO-8859-1.  This warning will not be emitted anymore.
WARNING:fiona._env:One or several characters couldn't be converted correctly from UTF-8 to ISO-8859-1.  This warning will not be emitted anymore.
WARNING:fiona._env:One or several characters couldn't be converted correctly from UTF-8 to ISO-8859-1.  This warning will not be emitted anymore.
WARNING:fiona._env:One or several characters couldn't be converted correctly from UTF-8 to ISO-8859-1.  This warning will not be emitted anymore.
WARNING:fiona._env:One or several characters couldn't be converted correctly from UTF-8 to ISO-8859-1.  This warning will not be emitted anymore.
WARNING:fiona._env:One or several characters couldn't be converted correctly from UTF-8 to ISO-8859-1.  This warning will not be emitted anymore.
WARNING:fiona._env:One or several characters couldn't be converted correctly from UTF-8 to ISO-8859-1.  This warning will not be emitted anymore.
WARNING:fiona._env:One or several characters couldn't be converted correctly from UTF-8 to ISO-8859-1.  This warning will not be emitted anymore.
WARNING:fiona._env:One or several characters couldn't be converted correctly from UTF-8 to ISO-8859-1.  This warning will not be emitted anymore.
INFO:root:Cas: 2024-04-26 12:12:58 - STOP
INFO:root:====================
INFO:root:Cas: 2024-04-26 12:13:19 - START
WARNING:fiona._env:Normalized/laundered field name: 'count_point' to 'count_poin'
WARNING:fiona._env:Normalized/laundered field name: 'length' to 'length_1'
WARNING:fiona._env:One or several characters couldn't be converted correctly from UTF-8 to ISO-8859-1.  This warning will not be emitted anymore.
WARNING:fiona._env:One or several characters couldn't be converted correctly from UTF-8 to ISO-8859-1.  This warning will not be emitted anymore.
WARNING:fiona._env:One or several characters couldn't be converted correctly from UTF-8 to ISO-8859-1.  This warning will not be emitted anymore.
WARNING:fiona._env:One or several characters couldn't be converted correctly from UTF-8 to ISO-8859-1.  This warning will not be emitted anymore.
WARNING:fiona._env:One or several characters couldn't be converted correctly from UTF-8 to ISO-8859-1.  This warning will not be emitted anymore.
WARNING:fiona._env:One or several characters couldn't be converted correctly from UTF-8 to ISO-8859-1.  This warning will not be emitted anymore.
WARNING:fiona._env:One or several characters couldn't be converted correctly from UTF-8 to ISO-8859-1.  This warning will not be emitted anymore.
WARNING:fiona._env:One or several characters couldn't be converted correctly from UTF-8 to ISO-8859-1.  This warning will not be emitted anymore.
WARNING:fiona._env:One or several characters couldn't be converted correctly from UTF-8 to ISO-8859-1.  This warning will not be emitted anymore.
WARNING:fiona._env:One or several characters couldn't be converted correctly from UTF-8 to ISO-8859-1.  This warning will not be emitted anymore.
WARNING:fiona._env:One or several characters couldn't be converted correctly from UTF-8 to ISO-8859-1.  This warning will not be emitted anymore.
WARNING:fiona._env:One or several characters couldn't be converted correctly from UTF-8 to ISO-8859-1.  This warning will not be emitted anymore.
WARNING:fiona._env:One or several characters couldn't be converted correctly from UTF-8 to ISO-8859-1.  This warning will not be emitted anymore.
WARNING:fiona._env:One or several characters couldn't be converted correctly from UTF-8 to ISO-8859-1.  This warning will not be emitted anymore.
WARNING:fiona._env:One or several characters couldn't be converted correctly from UTF-8 to ISO-8859-1.  This warning will not be emitted anymore.
INFO:root:Cas: 2024-04-26 12:13:30 - STOP
INFO:root:====================
INFO:root:Cas: 2024-04-26 12:19:16 - START
INFO:root:Cas: 2024-04-26 12:23:49 - STOP
INFO:root:====================
INFO:root:Cas: 2024-04-26 12:23:52 - START
INFO:root:Cas: 2024-04-26 12:26:12 - STOP
INFO:root:====================
INFO:root:Cas: 2024-04-26 12:26:18 - START
INFO:root:Cas: 2024-04-26 16:32:29 - STOP
INFO:root:====================
INFO:root:Cas: 2024-04-26 16:32:34 - START
INFO:root:Cas: 2024-04-26 16:32:46 - STOP
